Using pre-set license
Built from '2020.3/staging' branch; Version is '2020.3.17f1 (a4537701e4ab) revision 10769271'; Using compiler version '192528614'; Build Type 'Release'
OS: 'Windows 10 Home Single Language; OS build 19045.6456; Version 2009; 64bit' Language: 'en' Physical Memory: 6020 MB
BatchMode: 1, IsHumanControllingUs: 0, StartBugReporterOnCrash: 0, Is64bit: 1, IsPro: 0

COMMAND LINE ARGUMENTS:
C:\Program Files\Unity\Hub\Editor\2020.3.17f1\Editor\Unity.exe
-adb2
-batchMode
-noUpm
-name
AssetImportWorker1
-projectPath
C:/practicals/Robo Mechanic Arm
-logFile
Logs/AssetImportWorker1.log
-srvPort
52613
Successfully changed project path to: C:/practicals/Robo Mechanic Arm
C:/practicals/Robo Mechanic Arm
Using Asset Import Pipeline V2.
Refreshing native plugins compatible for Editor in 40.16 ms, found 2 plugins.
Preloading 0 native plugins for Editor in 0.00 ms.
Initialize engine version: 2020.3.17f1 (a4537701e4ab)
[Subsystems] Discovering subsystems at path C:/Program Files/Unity/Hub/Editor/2020.3.17f1/Editor/Data/Resources/UnitySubsystems
[Subsystems] Discovering subsystems at path C:/practicals/Robo Mechanic Arm/Assets
GfxDevice: creating device client; threaded=0
Direct3D:
    Version:  Direct3D 11.0 [level 11.1]
    Renderer: AMD Radeon(TM) Vega 3 Graphics (ID=0x15d8)
    Vendor:   
    VRAM:     3010 MB
    Driver:   26.20.14046.3
Initialize mono
Mono path[0] = 'C:/Program Files/Unity/Hub/Editor/2020.3.17f1/Editor/Data/Managed'
Mono path[1] = 'C:/Program Files/Unity/Hub/Editor/2020.3.17f1/Editor/Data/MonoBleedingEdge/lib/mono/unityjit'
Mono config path = 'C:/Program Files/Unity/Hub/Editor/2020.3.17f1/Editor/Data/MonoBleedingEdge/etc'
Using monoOptions --debugger-agent=transport=dt_socket,embedding=1,server=y,suspend=n,address=127.0.0.1:56828
Begin MonoManager ReloadAssembly
Registering precompiled unity dll's ...
Register platform support module: C:/Program Files/Unity/Hub/Editor/2020.3.17f1/Editor/Data/PlaybackEngines/WindowsStandaloneSupport/UnityEditor.WindowsStandalone.Extensions.dll
Registered in 0.004623 seconds.
Native extension for WindowsStandalone target not found
Refreshing native plugins compatible for Editor in 43.09 ms, found 2 plugins.
Preloading 0 native plugins for Editor in 0.00 ms.
Mono: successfully reloaded assembly
- Completed reload, in  3.437 seconds
Domain Reload Profiling:
	ReloadAssembly (3437ms)
		BeginReloadAssembly (101ms)
			ExecutionOrderSort (0ms)
			DisableScriptedObjects (0ms)
			BackupInstance (0ms)
			ReleaseScriptingObjects (0ms)
			CreateAndSetChildDomain (1ms)
		EndReloadAssembly (613ms)
			LoadAssemblies (96ms)
			RebuildTransferFunctionScriptingTraits (0ms)
			SetupTypeCache (230ms)
			ReleaseScriptCaches (0ms)
			RebuildScriptCaches (41ms)
			SetupLoadedEditorAssemblies (232ms)
				LogAssemblyErrors (0ms)
				InitializePlatformSupportModulesInManaged (6ms)
				SetLoadedEditorAssemblies (0ms)
				RefreshPlugins (43ms)
				BeforeProcessingInitializeOnLoad (17ms)
				ProcessInitializeOnLoadAttributes (123ms)
				ProcessInitializeOnLoadMethodAttributes (42ms)
				AfterProcessingInitializeOnLoad (0ms)
				EditorAssembliesLoaded (0ms)
			ExecutionOrderSort2 (0ms)
			AwakeInstancesAfterBackupRestoration (0ms)
Platform modules already initialized, skipping
Registering precompiled user dll's ...
Registered in 0.008312 seconds.
Begin MonoManager ReloadAssembly
Native extension for WindowsStandalone target not found
Refreshing native plugins compatible for Editor in 0.50 ms, found 2 plugins.
Preloading 0 native plugins for Editor in 0.00 ms.
Mono: successfully reloaded assembly
- Completed reload, in  7.207 seconds
Domain Reload Profiling:
	ReloadAssembly (7220ms)
		BeginReloadAssembly (230ms)
			ExecutionOrderSort (0ms)
			DisableScriptedObjects (9ms)
			BackupInstance (0ms)
			ReleaseScriptingObjects (0ms)
			CreateAndSetChildDomain (24ms)
		EndReloadAssembly (6875ms)
			LoadAssemblies (3459ms)
			RebuildTransferFunctionScriptingTraits (0ms)
			SetupTypeCache (2080ms)
			ReleaseScriptCaches (1ms)
			RebuildScriptCaches (67ms)
			SetupLoadedEditorAssemblies (1113ms)
				LogAssemblyErrors (0ms)
				InitializePlatformSupportModulesInManaged (8ms)
				SetLoadedEditorAssemblies (1ms)
				RefreshPlugins (1ms)
				BeforeProcessingInitializeOnLoad (143ms)
				ProcessInitializeOnLoadAttributes (940ms)
				ProcessInitializeOnLoadMethodAttributes (6ms)
				AfterProcessingInitializeOnLoad (14ms)
				EditorAssembliesLoaded (0ms)
			ExecutionOrderSort2 (0ms)
			AwakeInstancesAfterBackupRestoration (9ms)
Platform modules already initialized, skipping
========================================================================
Worker process is ready to serve import requests
Launched and connected shader compiler UnityShaderCompiler.exe after 0.16 seconds
Refreshing native plugins compatible for Editor in 0.51 ms, found 2 plugins.
Preloading 0 native plugins for Editor in 0.00 ms.
Unloading 1397 Unused Serialized files (Serialized files now loaded: 0)
System memory in use before: 64.8 MB.
System memory in use after: 64.9 MB.

Unloading 18 unused Assets to reduce memory usage. Loaded Objects now: 1830.
Total: 4.109200 ms (FindLiveObjects: 0.202000 ms CreateObjectMapping: 0.043900 ms MarkObjects: 3.775600 ms  DeleteObjects: 0.086100 ms)

AssetImportParameters requested are different than current active one (requested -> active):
  custom:framework-win-MediaFoundation: 216162199b28c13a410421893ffa2e32 -> 
  custom:video-decoder-ogg-theora: a1e56fd34408186e4bbccfd4996cb3dc -> 
  custom:container-muxer-webm: aa71ff27fc2769a1b78a27578f13a17b -> 
  custom:container-demuxer-webm: 4f35f7cbe854078d1ac9338744f61a02 -> 
  custom:container-demuxer-ogg: 62fdf1f143b41e24485cea50d1cbac27 -> 
  custom:video-encoder-webm-vp8: eb34c28f22e8b96e1ab97ce403110664 -> 
  custom:video-codec-MediaFoundation-h265: 746d11721c4dcdbdad8f713fa42b33f4 -> 
  custom:video-decoder-webm-vp8: 9c59270c3fd7afecdb556c50c9e8de78 -> 
  custom:audio-decoder-ogg-vorbis: bf7c407c2cedff20999df2af8eb42d56 -> 
  custom:audio-encoder-webm-vorbis: bf7c407c2cedff20999df2af8eb42d56 -> 
========================================================================
Received Import Request.
  path: Assets/Robot/Neck_Mech_Walker_by_3DHaupt.unitypackage
  artifactKey: Guid(7f2ee7d01cd895f49b639260363372fb) Importer(815301076,1909f56bfc062723c751e8b465ee728b)
Start importing Assets/Robot/Neck_Mech_Walker_by_3DHaupt.unitypackage using Guid(7f2ee7d01cd895f49b639260363372fb) Importer(815301076,1909f56bfc062723c751e8b465ee728b)  -> (artifact id: 'ce0fcbb0abb8a41af81a89f4c5c5b4c2') in 0.067894 seconds 
  Import took 0.072179 seconds .

========================================================================
Received Import Request.
  Time since last request: 31.262057 seconds.
  path: Assets/Scenes
  artifactKey: Guid(5c251da92c2857a4fa3cad31cfe23eb3) Importer(815301076,1909f56bfc062723c751e8b465ee728b)
Start importing Assets/Scenes using Guid(5c251da92c2857a4fa3cad31cfe23eb3) Importer(815301076,1909f56bfc062723c751e8b465ee728b)  -> (artifact id: '3663fda56747b52b30298174f47d828e') in 0.018963 seconds 
  Import took 0.025681 seconds .

========================================================================
Received Import Request.
  Time since last request: 2.516796 seconds.
  path: Assets/Neck_Mech_Walker
  artifactKey: Guid(b15d288ea124a6843bd1b74d0a96ad8e) Importer(815301076,1909f56bfc062723c751e8b465ee728b)
Start importing Assets/Neck_Mech_Walker using Guid(b15d288ea124a6843bd1b74d0a96ad8e) Importer(815301076,1909f56bfc062723c751e8b465ee728b)  -> (artifact id: 'e2463d88e2291d15a7e0a4b703d46d59') in 0.019114 seconds 
  Import took 0.022745 seconds .

========================================================================
Received Import Request.
  Time since last request: 0.032995 seconds.
  path: Assets/Neck_Mech_Walker/Control Module.mat
  artifactKey: Guid(17676d951a6cb1d4fa5d49e6328bb960) Importer(815301076,1909f56bfc062723c751e8b465ee728b)
Start importing Assets/Neck_Mech_Walker/Control Module.mat using Guid(17676d951a6cb1d4fa5d49e6328bb960) Importer(815301076,1909f56bfc062723c751e8b465ee728b)  -> (artifact id: '810cdd59a3aa6bfec918e5aad34081dd') in 0.560947 seconds 
  Import took 0.565012 seconds .

========================================================================
Received Import Request.
  Time since last request: 0.000239 seconds.
  path: Assets/Neck_Mech_Walker/Hydraulic_nmap.jpg
  artifactKey: Guid(19d7b9078095ff14f959f1331744d0db) Importer(815301076,1909f56bfc062723c751e8b465ee728b)
Start importing Assets/Neck_Mech_Walker/Hydraulic_nmap.jpg using Guid(19d7b9078095ff14f959f1331744d0db) Importer(815301076,1909f56bfc062723c751e8b465ee728b)  -> (artifact id: '614d555f5013760daf366f11c9f4ada1') in 0.077853 seconds 
  Import took 0.081155 seconds .

========================================================================
Received Import Request.
  Time since last request: 0.000263 seconds.
  path: Assets/Neck_Mech_Walker/Neck_Mech_Walker_by_3DHaupt.fbx
  artifactKey: Guid(cccd7279ec1790c47bc498b9733ec83b) Importer(815301076,1909f56bfc062723c751e8b465ee728b)
Start importing Assets/Neck_Mech_Walker/Neck_Mech_Walker_by_3DHaupt.fbx using Guid(cccd7279ec1790c47bc498b9733ec83b) Importer(815301076,1909f56bfc062723c751e8b465ee728b)  -> (artifact id: 'da86b7bc3b5af2d345f8fa02f5231ae5') in 1.529870 seconds 
  Import took 1.537411 seconds .

========================================================================
Received Import Request.
  Time since last request: 0.000306 seconds.
  path: Assets/Neck_Mech_Walker/walker_color.jpg
  artifactKey: Guid(38047a10d93ac6b40972d15812e8fd31) Importer(815301076,1909f56bfc062723c751e8b465ee728b)
Start importing Assets/Neck_Mech_Walker/walker_color.jpg using Guid(38047a10d93ac6b40972d15812e8fd31) Importer(815301076,1909f56bfc062723c751e8b465ee728b)  -> (artifact id: 'dadaccdc8b341c2fe84f18833db1fff5') in 0.038937 seconds 
  Import took 0.042727 seconds .

========================================================================
Received Import Request.
  Time since last request: 0.000252 seconds.
  path: Assets/Neck_Mech_Walker/ref.jpg
  artifactKey: Guid(b9b6943f03a453a4ba0afe7366ce2b80) Importer(815301076,1909f56bfc062723c751e8b465ee728b)
Start importing Assets/Neck_Mech_Walker/ref.jpg using Guid(b9b6943f03a453a4ba0afe7366ce2b80) Importer(815301076,1909f56bfc062723c751e8b465ee728b)  -> (artifact id: '186d71ba133c68d2dd933d5d04138648') in 0.059721 seconds 
  Import took 0.064196 seconds .

========================================================================
Received Import Request.
  Time since last request: 0.000349 seconds.
  path: Assets/Neck_Mech_Walker/Control_Module_color.jpg
  artifactKey: Guid(bdf350194617f1347a6c98472cd5c0a7) Importer(815301076,1909f56bfc062723c751e8b465ee728b)
Start importing Assets/Neck_Mech_Walker/Control_Module_color.jpg using Guid(bdf350194617f1347a6c98472cd5c0a7) Importer(815301076,1909f56bfc062723c751e8b465ee728b)  -> (artifact id: '6fb33b918b3f14b8ed1ef0dc53b148c9') in 0.053428 seconds 
  Import took 0.057577 seconds .

========================================================================
Received Import Request.
  Time since last request: 0.000284 seconds.
  path: Assets/Neck_Mech_Walker/Control_Module_rough.jpg
  artifactKey: Guid(82dafed5733c4ef469912cfb36c7254d) Importer(815301076,1909f56bfc062723c751e8b465ee728b)
Start importing Assets/Neck_Mech_Walker/Control_Module_rough.jpg using Guid(82dafed5733c4ef469912cfb36c7254d) Importer(815301076,1909f56bfc062723c751e8b465ee728b)  -> (artifact id: 'f4534ad972f799a9cf96e159bbddec3f') in 0.051741 seconds 
  Import took 0.055565 seconds .

========================================================================
Received Import Request.
  Time since last request: 0.000283 seconds.
  path: Assets/Neck_Mech_Walker/Neck_Mech.mat
  artifactKey: Guid(8f3b3031ba09d9842bd0999266ae288a) Importer(815301076,1909f56bfc062723c751e8b465ee728b)
Start importing Assets/Neck_Mech_Walker/Neck_Mech.mat using Guid(8f3b3031ba09d9842bd0999266ae288a) Importer(815301076,1909f56bfc062723c751e8b465ee728b)  -> (artifact id: '18790c15d346b730a5d47415b92248ce') in 0.061108 seconds 
  Import took 0.064634 seconds .

========================================================================
Received Import Request.
  Time since last request: 0.000265 seconds.
  path: Assets/Neck_Mech_Walker/walker_rough.jpg
  artifactKey: Guid(d8697483db0a8b449a409c0c1eeba425) Importer(815301076,1909f56bfc062723c751e8b465ee728b)
Start importing Assets/Neck_Mech_Walker/walker_rough.jpg using Guid(d8697483db0a8b449a409c0c1eeba425) Importer(815301076,1909f56bfc062723c751e8b465ee728b)  -> (artifact id: 'ef8ac9656018977daede90057a6272aa') in 0.041231 seconds 
  Import took 0.045294 seconds .

========================================================================
Received Import Request.
  Time since last request: 0.000277 seconds.
  path: Assets/Neck_Mech_Walker/Hydraulic_rough.jpg
  artifactKey: Guid(b62811643a9fa6a4d8d92a9a367ce5ae) Importer(815301076,1909f56bfc062723c751e8b465ee728b)
Start importing Assets/Neck_Mech_Walker/Hydraulic_rough.jpg using Guid(b62811643a9fa6a4d8d92a9a367ce5ae) Importer(815301076,1909f56bfc062723c751e8b465ee728b)  -> (artifact id: '44b30c7f6a7493e69183f2a228e6ceb3') in 0.038692 seconds 
  Import took 0.042715 seconds .

========================================================================
Received Import Request.
  Time since last request: 0.000286 seconds.
  path: Assets/Neck_Mech_Walker/walker_nmap.jpg
  artifactKey: Guid(0839ee4987c1be74da72850fa6a98ca6) Importer(815301076,1909f56bfc062723c751e8b465ee728b)
Start importing Assets/Neck_Mech_Walker/walker_nmap.jpg using Guid(0839ee4987c1be74da72850fa6a98ca6) Importer(815301076,1909f56bfc062723c751e8b465ee728b)  -> (artifact id: '941790dd2f83aea2ca366a87d3dc2f56') in 0.062652 seconds 
  Import took 0.066755 seconds .

========================================================================
Received Import Request.
  Time since last request: 0.000656 seconds.
  path: Assets/Neck_Mech_Walker/Walker_Glas.mat
  artifactKey: Guid(ed42c39933f1241419c29bd9b5fbd19d) Importer(815301076,1909f56bfc062723c751e8b465ee728b)
Start importing Assets/Neck_Mech_Walker/Walker_Glas.mat using Guid(ed42c39933f1241419c29bd9b5fbd19d) Importer(815301076,1909f56bfc062723c751e8b465ee728b)  -> (artifact id: 'c9f08f08dcc4076fd9e8889a418951a6') in 0.075570 seconds 
  Import took 0.080050 seconds .

========================================================================
Received Import Request.
  Time since last request: 0.000339 seconds.
  path: Assets/Neck_Mech_Walker/Hydraulic_col.jpg
  artifactKey: Guid(ce3ec90179a9465428eb45071c83d17c) Importer(815301076,1909f56bfc062723c751e8b465ee728b)
Start importing Assets/Neck_Mech_Walker/Hydraulic_col.jpg using Guid(ce3ec90179a9465428eb45071c83d17c) Importer(815301076,1909f56bfc062723c751e8b465ee728b)  -> (artifact id: 'c9b30289b73bd17cbff340115a60c9ee') in 0.047846 seconds 
  Import took 0.052148 seconds .

========================================================================
Received Import Request.
  Time since last request: 0.000299 seconds.
  path: Assets/Neck_Mech_Walker/Walker.mat
  artifactKey: Guid(4629a6b2cdca99f468e054e3f03ad611) Importer(815301076,1909f56bfc062723c751e8b465ee728b)
Start importing Assets/Neck_Mech_Walker/Walker.mat using Guid(4629a6b2cdca99f468e054e3f03ad611) Importer(815301076,1909f56bfc062723c751e8b465ee728b)  -> (artifact id: '6b6352be28b43cd63d50151328807db7') in 0.047159 seconds 
  Import took 0.050672 seconds .

========================================================================
Received Import Request.
  Time since last request: 0.000296 seconds.
  path: Assets/Neck_Mech_Walker/Control_Module_nmap.jpg
  artifactKey: Guid(761f5a9d0dbead3448e701a8b0438315) Importer(815301076,1909f56bfc062723c751e8b465ee728b)
Start importing Assets/Neck_Mech_Walker/Control_Module_nmap.jpg using Guid(761f5a9d0dbead3448e701a8b0438315) Importer(815301076,1909f56bfc062723c751e8b465ee728b)  -> (artifact id: '1fbba78d92293ce8ea26ea921bdb12a8') in 0.049271 seconds 
  Import took 0.052994 seconds .

AssetImportWorkerClient::OnTransportError - code=2 error=End of file
